<?xml version="1.0" encoding="UTF-8"?>
<!-- Generated by org.testng.reporters.JUnitReportReporter -->
<testsuite hostname="DESKTOP-NQ2EV11" failures="0" tests="2" name="qaclickacademy.RestAPITest" time="0.047" errors="0" timestamp="2021-04-27T17:39:13 IST" skipped="0">
  <testcase classname="qaclickacademy.RestAPITest" name="deleteTwitter" time="0.006"/>
  <system-out/>
  <testcase classname="qaclickacademy.RestAPITest" name="PostJira" time="0.041"/>
  <system-out/>
</testsuite> <!-- qaclickacademy.RestAPITest -->
