<?xml version="1.0" encoding="UTF-8"?>
<!-- Generated by org.testng.reporters.JUnitReportReporter -->
<testsuite hostname="DESKTOP-NQ2EV11" name="qaclickacademy.SeleniumTest" tests="2" failures="0" timestamp="3 Apr 2021 13:34:26 GMT" time="0.002" errors="0">
  <testcase name="BrowserAutomation" time="0.001" classname="qaclickacademy.SeleniumTest"/>
  <testcase name="ElementsUI" time="0.001" classname="qaclickacademy.SeleniumTest"/>
</testsuite> <!-- qaclickacademy.SeleniumTest -->
