<?xml version="1.0" encoding="UTF-8"?>
<!-- Generated by org.testng.reporters.JUnitReportReporter -->
<testsuite hostname="DESKTOP-NQ2EV11" name="qaclickacademy.AppiumTest" tests="2" failures="0" timestamp="3 Apr 2021 13:34:26 GMT" time="0.012" errors="0">
  <testcase name="IosApp" time="0.011" classname="qaclickacademy.AppiumTest"/>
  <testcase name="NativeAppAndroid" time="0.001" classname="qaclickacademy.AppiumTest"/>
</testsuite> <!-- qaclickacademy.AppiumTest -->
